<?xml version="1.0" encoding="UTF-8"?>
<!-- Generated by org.testng.reporters.JUnitXMLReporter -->
<testsuite hostname="N30030350" ignored="2" name="testdemo" tests="2" failures="1" timestamp="2021-01-21T16:49:19 EST" time="39.093" errors="0">
  <testcase name="@AfterMethod AfterMethod" time="0.0" classname="basetest.BaseTest">
    <failure type="java.lang.NullPointerException">
      <![CDATA[java.lang.NullPointerException
at basetest.BaseTest.AfterMethod(BaseTest.java:111)
at java.util.concurrent.ThreadPoolExecutor.runWorker(ThreadPoolExecutor.java:1149)
at java.util.concurrent.ThreadPoolExecutor$Worker.run(ThreadPoolExecutor.java:624)
at java.lang.Thread.run(Thread.java:748)
... Removed 17 stack frames]]>
    </failure>
  </testcase> <!-- @AfterMethod AfterMethod -->
  <testcase name="@AfterClass afterClass" time="-1.611265737512E9" classname="basetest.BaseTest">
    <skipped/>
  </testcase> <!-- @AfterClass afterClass -->
  <testcase name="@AfterMethod AfterMethod" time="0.0" classname="basetest.BaseTest">
    <failure type="java.lang.NullPointerException">
      <![CDATA[java.lang.NullPointerException
at basetest.BaseTest.AfterMethod(BaseTest.java:106)
at java.util.concurrent.ThreadPoolExecutor.runWorker(ThreadPoolExecutor.java:1149)
at java.util.concurrent.ThreadPoolExecutor$Worker.run(ThreadPoolExecutor.java:624)
at java.lang.Thread.run(Thread.java:748)
... Removed 17 stack frames]]>
    </failure>
  </testcase> <!-- @AfterMethod AfterMethod -->
  <testcase name="@AfterClass afterClass" time="-1.611265759078E9" classname="basetest.BaseTest">
    <skipped/>
  </testcase> <!-- @AfterClass afterClass -->
  <testcase name="Test_Google_Page" time="8.029" classname="testclasses.GoogleTest">
    <failure type="java.lang.AssertionError" message="expected [maven framework - Google Searches] but found [maven framework - Google Search]">
      <![CDATA[java.lang.AssertionError: expected [maven framework - Google Searches] but found [maven framework - Google Search]
at testclasses.GoogleTest.Test_Google_Page(GoogleTest.java:55)
at java.util.concurrent.ThreadPoolExecutor.runWorker(ThreadPoolExecutor.java:1149)
at java.util.concurrent.ThreadPoolExecutor$Worker.run(ThreadPoolExecutor.java:624)
at java.lang.Thread.run(Thread.java:748)
... Removed 18 stack frames]]>
    </failure>
  </testcase> <!-- Test_Google_Page -->
  <testcase name="Test_Yahoo_Page" time="8.842" classname="testclasses.YahooTest"/>
  <testcase name="@BeforeSuite baseSuiteInit" time="0.0" classname="basetest.BaseTest">
    <ignored/>
  </testcase> <!-- @BeforeSuite baseSuiteInit -->
  <testcase name="@AfterSuite afterSuite" time="0.0" classname="basetest.BaseTest">
    <ignored/>
  </testcase> <!-- @AfterSuite afterSuite -->
</testsuite> <!-- testdemo -->
